TN:
SF:src/canvas.spec.ts
FN:8,getBorderRowString
FN:12,getEmptyCellsString
FN:16,getLineCellsString
FN:20,getColorCellsString
FN:24,(anonymous_5)
FN:25,(anonymous_6)
FN:26,(anonymous_7)
FN:35,(anonymous_8)
FN:46,(anonymous_9)
FN:47,(anonymous_10)
FN:52,(anonymous_11)
FN:53,(anonymous_12)
FN:59,(anonymous_13)
FN:63,(anonymous_14)
FN:67,(anonymous_15)
FN:68,(anonymous_16)
FN:88,(anonymous_17)
FN:106,(anonymous_18)
FN:135,(anonymous_19)
FN:136,(anonymous_20)
FN:142,(anonymous_21)
FN:143,(anonymous_22)
FN:175,(anonymous_23)
FN:218,(anonymous_24)
FN:219,(anonymous_25)
FN:224,(anonymous_26)
FN:225,(anonymous_27)
FN:230,(anonymous_28)
FN:231,(anonymous_29)
FN:237,(anonymous_30)
FN:243,(anonymous_31)
FN:264,(anonymous_32)
FN:297,(anonymous_33)
FN:330,(anonymous_34)
FN:331,(anonymous_35)
FN:337,(anonymous_36)
FN:338,(anonymous_37)
FNF:37
FNH:37
FNDA:20,getBorderRowString
FNDA:24,getEmptyCellsString
FNDA:7,getLineCellsString
FNDA:8,getColorCellsString
FNDA:1,(anonymous_5)
FNDA:1,(anonymous_6)
FNDA:1,(anonymous_7)
FNDA:1,(anonymous_8)
FNDA:1,(anonymous_9)
FNDA:1,(anonymous_10)
FNDA:1,(anonymous_11)
FNDA:1,(anonymous_12)
FNDA:1,(anonymous_13)
FNDA:14,(anonymous_14)
FNDA:1,(anonymous_15)
FNDA:1,(anonymous_16)
FNDA:1,(anonymous_17)
FNDA:1,(anonymous_18)
FNDA:1,(anonymous_19)
FNDA:1,(anonymous_20)
FNDA:1,(anonymous_21)
FNDA:1,(anonymous_22)
FNDA:1,(anonymous_23)
FNDA:1,(anonymous_24)
FNDA:1,(anonymous_25)
FNDA:1,(anonymous_26)
FNDA:1,(anonymous_27)
FNDA:1,(anonymous_28)
FNDA:1,(anonymous_29)
FNDA:1,(anonymous_30)
FNDA:1,(anonymous_31)
FNDA:1,(anonymous_32)
FNDA:1,(anonymous_33)
FNDA:1,(anonymous_34)
FNDA:1,(anonymous_35)
FNDA:1,(anonymous_36)
FNDA:1,(anonymous_37)
DA:1,1
DA:2,1
DA:4,1
DA:5,1
DA:6,1
DA:9,20
DA:13,24
DA:17,7
DA:21,8
DA:24,1
DA:25,1
DA:26,1
DA:27,1
DA:28,1
DA:35,1
DA:36,1
DA:37,1
DA:46,1
DA:47,1
DA:48,1
DA:52,1
DA:53,1
DA:54,1
DA:59,1
DA:61,1
DA:63,1
DA:64,14
DA:67,1
DA:68,1
DA:69,1
DA:71,1
DA:79,1
DA:88,1
DA:89,1
DA:91,1
DA:106,1
DA:107,1
DA:108,1
DA:110,1
DA:118,1
DA:135,1
DA:136,1
DA:137,1
DA:142,1
DA:143,1
DA:144,1
DA:146,1
DA:154,1
DA:175,1
DA:176,1
DA:177,1
DA:179,1
DA:186,1
DA:196,1
DA:218,1
DA:219,1
DA:220,1
DA:224,1
DA:225,1
DA:226,1
DA:230,1
DA:231,1
DA:232,1
DA:237,1
DA:238,1
DA:239,1
DA:243,1
DA:244,1
DA:245,1
DA:247,1
DA:255,1
DA:264,1
DA:265,1
DA:266,1
DA:268,1
DA:276,1
DA:297,1
DA:298,1
DA:299,1
DA:301,1
DA:309,1
DA:330,1
DA:331,1
DA:332,1
DA:333,1
DA:337,1
DA:338,1
DA:339,1
LF:88
LH:88
BRF:0
BRH:0
end_of_record
TN:
SF:src/canvas.ts
FN:1,(anonymous_6)
FN:9,(anonymous_8)
FN:14,(anonymous_9)
FN:18,Cell
FN:28,(anonymous_11)
FN:33,(anonymous_12)
FN:39,(anonymous_13)
FN:43,(anonymous_14)
FN:47,(anonymous_15)
FN:60,(anonymous_16)
FN:65,Canvas
FN:87,(anonymous_18)
FN:91,(anonymous_19)
FN:98,(anonymous_20)
FN:105,(anonymous_21)
FN:124,(anonymous_22)
FN:163,(anonymous_23)
FN:182,(anonymous_24)
FNF:18
FNH:18
FNDA:4,(anonymous_6)
FNDA:1,(anonymous_8)
FNDA:1,(anonymous_9)
FNDA:2365,Cell
FNDA:171,(anonymous_11)
FNDA:164,(anonymous_12)
FNDA:547,(anonymous_13)
FNDA:611,(anonymous_14)
FNDA:901,(anonymous_15)
FNDA:1,(anonymous_16)
FNDA:25,Canvas
FNDA:1710,(anonymous_18)
FNDA:335,(anonymous_19)
FNDA:612,(anonymous_20)
FNDA:10,(anonymous_21)
FNDA:30,(anonymous_22)
FNDA:9,(anonymous_23)
FNDA:5,(anonymous_24)
DA:1,3
DA:2,3
DA:3,1
DA:5,1
DA:6,1
DA:7,1
DA:9,1
DA:10,1
DA:11,1
DA:14,1
DA:15,2365
DA:16,2365
DA:20,2365
DA:21,0
DA:22,2365
DA:23,164
DA:28,1
DA:29,171
DA:30,171
DA:33,1
DA:34,164
DA:35,164
DA:39,1
DA:40,547
DA:43,1
DA:44,611
DA:47,1
DA:48,901
DA:50,171
DA:53,133
DA:56,597
DA:59,1
DA:60,1
DA:61,25
DA:62,25
DA:63,25
DA:66,25
DA:67,1
DA:69,24
DA:71,1
DA:74,23
DA:75,23
DA:76,23
DA:77,23
DA:78,221
DA:79,221
DA:80,2201
DA:82,221
DA:87,1
DA:88,1710
DA:91,1
DA:92,335
DA:93,0
DA:95,335
DA:98,1
DA:99,612
DA:100,1
DA:102,611
DA:105,1
DA:106,10
DA:108,10
DA:111,10
DA:113,91
DA:115,91
DA:119,10
DA:121,10
DA:124,1
DA:125,30
DA:126,1
DA:129,29
DA:132,15
DA:134,0
DA:135,0
DA:136,0
DA:140,15
DA:141,86
DA:143,14
DA:146,14
DA:148,0
DA:149,0
DA:150,0
DA:154,14
DA:155,78
DA:159,0
DA:163,1
DA:164,9
DA:165,1
DA:168,8
DA:169,2
DA:173,6
DA:175,6
DA:177,6
DA:179,6
DA:182,1
DA:183,5
DA:184,1
DA:187,3
DA:189,3
DA:190,687
DA:192,687
DA:194,80
DA:197,607
DA:198,607
DA:199,171
DA:200,171
DA:203,171
DA:204,171
DA:205,171
DA:206,171
DA:210,1
LF:110
LH:101
BRDA:1,0,0,3
BRDA:1,0,1,3
BRDA:1,0,2,0
BRDA:9,1,0,1
BRDA:9,1,1,1
BRDA:20,2,0,0
BRDA:20,2,1,2365
BRDA:20,3,0,2201
BRDA:20,3,1,164
BRDA:20,4,0,2365
BRDA:20,4,1,2365
BRDA:22,5,0,164
BRDA:22,5,1,2201
BRDA:22,6,0,2201
BRDA:22,6,1,164
BRDA:22,7,0,2365
BRDA:22,7,1,2365
BRDA:40,8,0,547
BRDA:40,8,1,376
BRDA:49,9,0,171
BRDA:49,9,1,133
BRDA:49,9,2,597
BRDA:66,10,0,1
BRDA:66,10,1,24
BRDA:66,11,0,25
BRDA:66,11,1,24
BRDA:69,12,0,1
BRDA:69,12,1,23
BRDA:69,13,0,24
BRDA:69,13,1,23
BRDA:88,14,0,1710
BRDA:88,14,1,1690
BRDA:88,14,2,1667
BRDA:88,14,3,1647
BRDA:92,15,0,0
BRDA:92,15,1,335
BRDA:99,16,0,1
BRDA:99,16,1,611
BRDA:125,17,0,1
BRDA:125,17,1,29
BRDA:125,18,0,30
BRDA:125,18,1,29
BRDA:129,19,0,15
BRDA:129,19,1,14
BRDA:132,20,0,0
BRDA:132,20,1,15
BRDA:143,21,0,14
BRDA:143,21,1,0
BRDA:146,22,0,0
BRDA:146,22,1,14
BRDA:164,23,0,1
BRDA:164,23,1,8
BRDA:164,24,0,9
BRDA:164,24,1,8
BRDA:168,25,0,2
BRDA:168,25,1,6
BRDA:168,26,0,8
BRDA:168,26,1,7
BRDA:183,27,0,1
BRDA:183,27,1,3
BRDA:192,28,0,80
BRDA:192,28,1,607
BRDA:198,29,0,171
BRDA:198,29,1,436
BRDA:198,30,0,607
BRDA:198,30,1,547
BRF:66
BRH:60
end_of_record
TN:
SF:src/console-interface.spec.ts
FN:10,(anonymous_0)
FN:11,(anonymous_1)
FN:15,(anonymous_2)
FN:19,(anonymous_3)
FN:20,(anonymous_4)
FN:25,(anonymous_5)
FN:28,(anonymous_6)
FN:32,(anonymous_7)
FN:38,(anonymous_8)
FN:39,(anonymous_9)
FN:43,(anonymous_10)
FN:48,(anonymous_11)
FN:49,(anonymous_12)
FN:54,(anonymous_13)
FN:61,(anonymous_14)
FN:63,(anonymous_15)
FN:66,(anonymous_16)
FN:71,(anonymous_17)
FN:78,(anonymous_18)
FN:80,(anonymous_19)
FN:83,(anonymous_20)
FN:88,(anonymous_21)
FN:95,(anonymous_22)
FN:97,(anonymous_23)
FN:100,(anonymous_24)
FN:105,(anonymous_25)
FN:111,(anonymous_26)
FN:112,(anonymous_27)
FN:116,(anonymous_28)
FNF:29
FNH:29
FNDA:1,(anonymous_0)
FNDA:12,(anonymous_1)
FNDA:12,(anonymous_2)
FNDA:1,(anonymous_3)
FNDA:1,(anonymous_4)
FNDA:1,(anonymous_5)
FNDA:11,(anonymous_6)
FNDA:1,(anonymous_7)
FNDA:1,(anonymous_8)
FNDA:1,(anonymous_9)
FNDA:1,(anonymous_10)
FNDA:1,(anonymous_11)
FNDA:1,(anonymous_12)
FNDA:1,(anonymous_13)
FNDA:1,(anonymous_14)
FNDA:1,(anonymous_15)
FNDA:1,(anonymous_16)
FNDA:1,(anonymous_17)
FNDA:1,(anonymous_18)
FNDA:1,(anonymous_19)
FNDA:1,(anonymous_20)
FNDA:1,(anonymous_21)
FNDA:1,(anonymous_22)
FNDA:1,(anonymous_23)
FNDA:1,(anonymous_24)
FNDA:1,(anonymous_25)
FNDA:1,(anonymous_26)
FNDA:1,(anonymous_27)
FNDA:1,(anonymous_28)
DA:1,1
DA:2,1
DA:3,1
DA:4,1
DA:6,1
DA:8,1
DA:10,1
DA:11,1
DA:12,12
DA:15,1
DA:16,12
DA:19,1
DA:20,1
DA:21,1
DA:25,1
DA:28,1
DA:29,11
DA:32,1
DA:33,1
DA:35,1
DA:38,1
DA:39,1
DA:40,1
DA:43,1
DA:44,1
DA:48,1
DA:49,1
DA:50,1
DA:54,1
DA:55,1
DA:56,1
DA:57,1
DA:58,1
DA:61,1
DA:62,1
DA:63,1
DA:64,1
DA:66,1
DA:67,1
DA:71,1
DA:72,1
DA:73,1
DA:74,1
DA:75,1
DA:78,1
DA:79,1
DA:80,1
DA:81,1
DA:83,1
DA:84,1
DA:88,1
DA:89,1
DA:90,1
DA:91,1
DA:92,1
DA:95,1
DA:96,1
DA:97,1
DA:98,1
DA:100,1
DA:101,1
DA:105,1
DA:106,1
DA:107,1
DA:108,1
DA:111,1
DA:112,1
DA:113,1
DA:116,1
DA:117,1
LF:70
LH:70
BRF:0
BRH:0
end_of_record
TN:
SF:src/console-interface.ts
FN:3,(anonymous_6)
FN:7,(anonymous_8)
FN:11,(anonymous_10)
FN:21,(anonymous_11)
FN:24,(anonymous_13)
FN:35,(anonymous_14)
FN:36,(anonymous_15)
FN:43,(anonymous_16)
FN:44,(anonymous_17)
FN:53,(anonymous_18)
FN:74,(anonymous_19)
FNF:11
FNH:11
FNDA:11,(anonymous_6)
FNDA:2,(anonymous_8)
FNDA:1,(anonymous_10)
FNDA:13,(anonymous_11)
FNDA:22,(anonymous_13)
FNDA:22,(anonymous_14)
FNDA:14,(anonymous_15)
FNDA:28,(anonymous_16)
FNDA:12,(anonymous_17)
FNDA:6,(anonymous_18)
FNDA:22,(anonymous_19)
DA:1,1
DA:3,10
DA:4,10
DA:5,1
DA:7,1
DA:8,1
DA:9,1
DA:11,1
DA:12,1
DA:13,1
DA:14,1
DA:15,1
DA:16,1
DA:21,1
DA:22,12
DA:24,1
DA:28,22
DA:29,22
DA:30,22
DA:33,22
DA:35,22
DA:36,14
DA:37,2
DA:39,7
DA:43,28
DA:44,12
DA:45,4
DA:47,3
DA:50,3
DA:51,3
DA:54,6
DA:57,2
DA:59,1
DA:62,2
DA:63,1
DA:65,1
DA:68,1
DA:71,12
DA:74,1
DA:75,22
DA:78,12
DA:86,1
DA:89,11
DA:92,7
DA:93,7
DA:97,1
DA:103,1
DA:106,1
DA:112,1
DA:115,1
DA:120,1
DA:123,1
DA:127,11
DA:129,1
LF:54
LH:54
BRDA:3,0,0,10
BRDA:3,0,1,10
BRDA:3,0,2,0
BRDA:7,1,0,1
BRDA:7,1,1,1
BRDA:7,1,2,0
BRDA:11,2,0,1
BRDA:11,2,1,1
BRDA:34,3,0,9
BRDA:34,3,1,4
BRDA:34,3,2,7
BRDA:34,3,3,3
BRDA:34,3,4,2
BRDA:34,3,5,1
BRDA:36,4,0,2
BRDA:36,4,1,7
BRDA:36,5,0,9
BRDA:36,5,1,7
BRDA:44,6,0,4
BRDA:44,6,1,3
BRDA:44,7,0,7
BRDA:44,7,1,3
BRDA:51,8,0,2
BRDA:51,8,1,1
BRDA:52,9,0,3
BRDA:52,9,1,2
BRDA:54,10,0,4
BRDA:54,10,1,2
BRDA:62,11,0,1
BRDA:62,11,1,1
BRDA:78,12,0,1
BRDA:78,12,1,11
BRDA:79,13,0,12
BRDA:79,13,1,4
BRDA:90,14,0,7
BRDA:90,14,1,1
BRDA:90,14,2,1
BRDA:90,14,3,1
BRDA:90,14,4,1
BRDA:127,15,0,11
BRDA:127,15,1,1
BRDA:127,16,0,1
BRDA:127,16,1,10
BRDA:127,17,0,11
BRDA:127,17,1,10
BRF:45
BRH:43
end_of_record
