TN:
SF:src/canvas.test.ts
FN:8,getBorderRowString
FN:12,getEmptyCellsString
FN:16,getLineCellsString
FN:20,getColorCellsString
FN:24,(anonymous_5)
FN:25,(anonymous_6)
FN:34,(anonymous_7)
FN:43,(anonymous_8)
FN:44,(anonymous_9)
FN:49,(anonymous_10)
FN:50,(anonymous_11)
FN:56,(anonymous_12)
FN:60,(anonymous_13)
FN:64,(anonymous_14)
FN:84,(anonymous_15)
FN:102,(anonymous_16)
FN:131,(anonymous_17)
FN:132,(anonymous_18)
FN:138,(anonymous_19)
FN:142,(anonymous_20)
FN:146,(anonymous_21)
FN:178,(anonymous_22)
FN:221,(anonymous_23)
FN:222,(anonymous_24)
FN:227,(anonymous_25)
FN:228,(anonymous_26)
FN:233,(anonymous_27)
FN:234,(anonymous_28)
FN:240,(anonymous_29)
FN:246,(anonymous_30)
FN:250,(anonymous_31)
FN:271,(anonymous_32)
FN:304,(anonymous_33)
FN:337,(anonymous_34)
FN:338,(anonymous_35)
FN:344,(anonymous_36)
FN:345,(anonymous_37)
FNF:37
FNH:37
FNDA:20,getBorderRowString
FNDA:26,getEmptyCellsString
FNDA:7,getLineCellsString
FNDA:8,getColorCellsString
FNDA:1,(anonymous_5)
FNDA:1,(anonymous_6)
FNDA:1,(anonymous_7)
FNDA:1,(anonymous_8)
FNDA:1,(anonymous_9)
FNDA:1,(anonymous_10)
FNDA:1,(anonymous_11)
FNDA:1,(anonymous_12)
FNDA:4,(anonymous_13)
FNDA:1,(anonymous_14)
FNDA:1,(anonymous_15)
FNDA:1,(anonymous_16)
FNDA:1,(anonymous_17)
FNDA:1,(anonymous_18)
FNDA:1,(anonymous_19)
FNDA:5,(anonymous_20)
FNDA:1,(anonymous_21)
FNDA:1,(anonymous_22)
FNDA:1,(anonymous_23)
FNDA:1,(anonymous_24)
FNDA:1,(anonymous_25)
FNDA:1,(anonymous_26)
FNDA:1,(anonymous_27)
FNDA:1,(anonymous_28)
FNDA:1,(anonymous_29)
FNDA:5,(anonymous_30)
FNDA:1,(anonymous_31)
FNDA:1,(anonymous_32)
FNDA:1,(anonymous_33)
FNDA:1,(anonymous_34)
FNDA:1,(anonymous_35)
FNDA:1,(anonymous_36)
FNDA:1,(anonymous_37)
DA:1,1
DA:2,1
DA:4,1
DA:5,1
DA:6,1
DA:9,20
DA:13,26
DA:17,7
DA:21,8
DA:24,1
DA:25,1
DA:26,1
DA:27,1
DA:34,1
DA:35,1
DA:36,1
DA:43,1
DA:44,1
DA:45,1
DA:49,1
DA:50,1
DA:51,1
DA:56,1
DA:58,1
DA:60,1
DA:61,4
DA:64,1
DA:65,1
DA:67,1
DA:75,1
DA:84,1
DA:85,1
DA:87,1
DA:102,1
DA:103,1
DA:104,1
DA:106,1
DA:114,1
DA:131,1
DA:132,1
DA:133,1
DA:138,1
DA:140,1
DA:142,1
DA:143,5
DA:146,1
DA:147,1
DA:149,1
DA:157,1
DA:178,1
DA:179,1
DA:180,1
DA:182,1
DA:189,1
DA:199,1
DA:221,1
DA:222,1
DA:223,1
DA:227,1
DA:228,1
DA:229,1
DA:233,1
DA:234,1
DA:235,1
DA:240,1
DA:242,1
DA:243,1
DA:244,1
DA:246,1
DA:247,5
DA:250,1
DA:251,1
DA:252,1
DA:254,1
DA:262,1
DA:271,1
DA:272,1
DA:273,1
DA:275,1
DA:283,1
DA:304,1
DA:305,1
DA:306,1
DA:308,1
DA:316,1
DA:337,1
DA:338,1
DA:339,1
DA:340,1
DA:344,1
DA:345,1
DA:346,1
LF:92
LH:92
BRF:0
BRH:0
end_of_record
TN:
SF:src/canvas.ts
FN:1,(anonymous_6)
FN:9,(anonymous_8)
FN:14,(anonymous_9)
FN:18,Cell
FN:28,(anonymous_11)
FN:33,(anonymous_12)
FN:39,(anonymous_13)
FN:43,(anonymous_14)
FN:47,(anonymous_15)
FN:60,(anonymous_16)
FN:65,Canvas
FN:87,(anonymous_18)
FN:91,(anonymous_19)
FN:98,(anonymous_20)
FN:105,(anonymous_21)
FN:124,(anonymous_22)
FN:163,(anonymous_23)
FN:182,(anonymous_24)
FNF:18
FNH:18
FNDA:4,(anonymous_6)
FNDA:1,(anonymous_8)
FNDA:1,(anonymous_9)
FNDA:1665,Cell
FNDA:171,(anonymous_11)
FNDA:164,(anonymous_12)
FNDA:547,(anonymous_13)
FNDA:611,(anonymous_14)
FNDA:901,(anonymous_15)
FNDA:1,(anonymous_16)
FNDA:18,Canvas
FNDA:1710,(anonymous_18)
FNDA:335,(anonymous_19)
FNDA:612,(anonymous_20)
FNDA:10,(anonymous_21)
FNDA:30,(anonymous_22)
FNDA:9,(anonymous_23)
FNDA:5,(anonymous_24)
DA:1,3
DA:2,3
DA:3,1
DA:5,1
DA:6,1
DA:7,1
DA:9,1
DA:10,1
DA:11,1
DA:14,1
DA:15,1665
DA:16,1665
DA:20,1665
DA:21,0
DA:22,1665
DA:23,164
DA:28,1
DA:29,171
DA:30,171
DA:33,1
DA:34,164
DA:35,164
DA:39,1
DA:40,547
DA:43,1
DA:44,611
DA:47,1
DA:48,901
DA:50,171
DA:53,133
DA:56,597
DA:59,1
DA:60,1
DA:61,18
DA:62,18
DA:63,18
DA:66,18
DA:67,1
DA:69,17
DA:71,1
DA:74,16
DA:75,16
DA:76,16
DA:77,16
DA:78,151
DA:79,151
DA:80,1501
DA:82,151
DA:87,1
DA:88,1710
DA:91,1
DA:92,335
DA:93,0
DA:95,335
DA:98,1
DA:99,612
DA:100,1
DA:102,611
DA:105,1
DA:106,10
DA:108,10
DA:111,10
DA:113,91
DA:115,91
DA:119,10
DA:121,10
DA:124,1
DA:125,30
DA:126,1
DA:129,29
DA:132,15
DA:134,0
DA:135,0
DA:136,0
DA:140,15
DA:141,86
DA:143,14
DA:146,14
DA:148,0
DA:149,0
DA:150,0
DA:154,14
DA:155,78
DA:159,0
DA:163,1
DA:164,9
DA:165,1
DA:168,8
DA:169,2
DA:173,6
DA:175,6
DA:177,6
DA:179,6
DA:182,1
DA:183,5
DA:184,1
DA:187,3
DA:189,3
DA:190,687
DA:192,687
DA:194,80
DA:197,607
DA:198,607
DA:199,171
DA:200,171
DA:203,171
DA:204,171
DA:205,171
DA:206,171
DA:210,1
LF:110
LH:101
BRDA:1,0,0,3
BRDA:1,0,1,3
BRDA:1,0,2,0
BRDA:9,1,0,1
BRDA:9,1,1,1
BRDA:20,2,0,0
BRDA:20,2,1,1665
BRDA:20,3,0,1501
BRDA:20,3,1,164
BRDA:20,4,0,1665
BRDA:20,4,1,1665
BRDA:22,5,0,164
BRDA:22,5,1,1501
BRDA:22,6,0,1501
BRDA:22,6,1,164
BRDA:22,7,0,1665
BRDA:22,7,1,1665
BRDA:40,8,0,547
BRDA:40,8,1,376
BRDA:49,9,0,171
BRDA:49,9,1,133
BRDA:49,9,2,597
BRDA:66,10,0,1
BRDA:66,10,1,17
BRDA:66,11,0,18
BRDA:66,11,1,17
BRDA:69,12,0,1
BRDA:69,12,1,16
BRDA:69,13,0,17
BRDA:69,13,1,16
BRDA:88,14,0,1710
BRDA:88,14,1,1690
BRDA:88,14,2,1667
BRDA:88,14,3,1647
BRDA:92,15,0,0
BRDA:92,15,1,335
BRDA:99,16,0,1
BRDA:99,16,1,611
BRDA:125,17,0,1
BRDA:125,17,1,29
BRDA:125,18,0,30
BRDA:125,18,1,29
BRDA:129,19,0,15
BRDA:129,19,1,14
BRDA:132,20,0,0
BRDA:132,20,1,15
BRDA:143,21,0,14
BRDA:143,21,1,0
BRDA:146,22,0,0
BRDA:146,22,1,14
BRDA:164,23,0,1
BRDA:164,23,1,8
BRDA:164,24,0,9
BRDA:164,24,1,8
BRDA:168,25,0,2
BRDA:168,25,1,6
BRDA:168,26,0,8
BRDA:168,26,1,7
BRDA:183,27,0,1
BRDA:183,27,1,3
BRDA:192,28,0,80
BRDA:192,28,1,607
BRDA:198,29,0,171
BRDA:198,29,1,436
BRDA:198,30,0,607
BRDA:198,30,1,547
BRF:66
BRH:60
end_of_record
